[2025-12-12 23:46:11] production.ERROR: Unable to locate a class or view for component [organizer-layout]. {"exception":"[object] (InvalidArgumentException(code: 0): Unable to locate a class or view for component [organizer-layout]. at /Users/fredmoura/Downloads/sistema_eventos/vendor/laravel/framework/src/Illuminate/View/Compilers/ComponentTagCompiler.php:316)
[stacktrace]
#0 /Users/fredmoura/Downloads/sistema_eventos/vendor/laravel/framework/src/Illuminate/View/Compilers/ComponentTagCompiler.php(236): Illuminate\\View\\Compilers\\ComponentTagCompiler->componentClass('organizer-layou...')
#1 /Users/fredmoura/Downloads/sistema_eventos/vendor/laravel/framework/src/Illuminate/View/Compilers/ComponentTagCompiler.php(157): Illuminate\\View\\Compilers\\ComponentTagCompiler->componentString('organizer-layou...', Array)
#2 [internal function]: Illuminate\\View\\Compilers\\ComponentTagCompiler->Illuminate\\View\\Compilers\\{closure}(Array)
#3 /Users/fredmoura/Downloads/sistema_eventos/vendor/laravel/framework/src/Illuminate/View/Compilers/ComponentTagCompiler.php(152): preg_replace_callback('/\\n            <...', Object(Closure), '<x-organizer-la...')
#4 /Users/fredmoura/Downloads/sistema_eventos/vendor/laravel/framework/src/Illuminate/View/Compilers/ComponentTagCompiler.php(91): Illuminate\\View\\Compilers\\ComponentTagCompiler->compileOpeningTags('<x-organizer-la...')
#5 /Users/fredmoura/Downloads/sistema_eventos/vendor/laravel/framework/src/Illuminate/View/Compilers/ComponentTagCompiler.php(77): Illuminate\\View\\Compilers\\ComponentTagCompiler->compileTags('<x-organizer-la...')
#6 /Users/fredmoura/Downloads/sistema_eventos/vendor/laravel/framework/src/Illuminate/View/Compilers/BladeCompiler.php(440): Illuminate\\View\\Compilers\\ComponentTagCompiler->compile('<x-organizer-la...')
#7 /Users/fredmoura/Downloads/sistema_eventos/vendor/laravel/framework/src/Illuminate/View/Compilers/BladeCompiler.php(272): Illuminate\\View\\Compilers\\BladeCompiler->compileComponentTags('<x-organizer-la...')
#8 /Users/fredmoura/Downloads/sistema_eventos/vendor/laravel/framework/src/Illuminate/View/Compilers/BladeCompiler.php(186): Illuminate\\View\\Compilers\\BladeCompiler->compileString('<x-organizer-la...')
#9 /Users/fredmoura/Downloads/sistema_eventos/vendor/laravel/framework/src/Illuminate/Foundation/Console/ViewCacheCommand.php(64): Illuminate\\View\\Compilers\\BladeCompiler->compile('/Users/fredmour...')
#10 [internal function]: Illuminate\\Foundation\\Console\\ViewCacheCommand->Illuminate\\Foundation\\Console\\{closure}(Object(Symfony\\Component\\Finder\\SplFileInfo), '/Users/fredmour...')
#11 /Users/fredmoura/Downloads/sistema_eventos/vendor/laravel/framework/src/Illuminate/Collections/Arr.php(609): array_map(Object(Closure), Array, Array)
#12 /Users/fredmoura/Downloads/sistema_eventos/vendor/laravel/framework/src/Illuminate/Collections/Collection.php(799): Illuminate\\Support\\Arr::map(Array, Object(Closure))
#13 /Users/fredmoura/Downloads/sistema_eventos/vendor/laravel/framework/src/Illuminate/Foundation/Console/ViewCacheCommand.php(61): Illuminate\\Support\\Collection->map(Object(Closure))
#14 /Users/fredmoura/Downloads/sistema_eventos/vendor/laravel/framework/src/Illuminate/Foundation/Console/ViewCacheCommand.php(43): Illuminate\\Foundation\\Console\\ViewCacheCommand->compileViews(Object(Illuminate\\Support\\Collection))
#15 /Users/fredmoura/Downloads/sistema_eventos/vendor/laravel/framework/src/Illuminate/Collections/Traits/EnumeratesValues.php(261): Illuminate\\Foundation\\Console\\ViewCacheCommand->Illuminate\\Foundation\\Console\\{closure}('/Users/fredmour...', 0)
#16 /Users/fredmoura/Downloads/sistema_eventos/vendor/laravel/framework/src/Illuminate/Foundation/Console/ViewCacheCommand.php(38): Illuminate\\Support\\Collection->each(Object(Closure))
#17 /Users/fredmoura/Downloads/sistema_eventos/vendor/laravel/framework/src/Illuminate/Container/BoundMethod.php(36): Illuminate\\Foundation\\Console\\ViewCacheCommand->handle()
#18 /Users/fredmoura/Downloads/sistema_eventos/vendor/laravel/framework/src/Illuminate/Container/Util.php(43): Illuminate\\Container\\BoundMethod::Illuminate\\Container\\{closure}()
#19 /Users/fredmoura/Downloads/sistema_eventos/vendor/laravel/framework/src/Illuminate/Container/BoundMethod.php(95): Illuminate\\Container\\Util::unwrapIfClosure(Object(Closure))
#20 /Users/fredmoura/Downloads/sistema_eventos/vendor/laravel/framework/src/Illuminate/Container/BoundMethod.php(35): Illuminate\\Container\\BoundMethod::callBoundMethod(Object(Illuminate\\Foundation\\Application), Array, Object(Closure))
#21 /Users/fredmoura/Downloads/sistema_eventos/vendor/laravel/framework/src/Illuminate/Container/Container.php(696): Illuminate\\Container\\BoundMethod::call(Object(Illuminate\\Foundation\\Application), Array, Array, NULL)
#22 /Users/fredmoura/Downloads/sistema_eventos/vendor/laravel/framework/src/Illuminate/Console/Command.php(213): Illuminate\\Container\\Container->call(Array)
#23 /Users/fredmoura/Downloads/sistema_eventos/vendor/symfony/console/Command/Command.php(341): Illuminate\\Console\\Command->execute(Object(Symfony\\Component\\Console\\Input\\ArgvInput), Object(Illuminate\\Console\\OutputStyle))
#24 /Users/fredmoura/Downloads/sistema_eventos/vendor/laravel/framework/src/Illuminate/Console/Command.php(182): Symfony\\Component\\Console\\Command\\Command->run(Object(Symfony\\Component\\Console\\Input\\ArgvInput), Object(Illuminate\\Console\\OutputStyle))
#25 /Users/fredmoura/Downloads/sistema_eventos/vendor/symfony/console/Application.php(1102): Illuminate\\Console\\Command->run(Object(Symfony\\Component\\Console\\Input\\ArgvInput), Object(Symfony\\Component\\Console\\Output\\ConsoleOutput))
#26 /Users/fredmoura/Downloads/sistema_eventos/vendor/symfony/console/Application.php(356): Symfony\\Component\\Console\\Application->doRunCommand(Object(Illuminate\\Foundation\\Console\\ViewCacheCommand), Object(Symfony\\Component\\Console\\Input\\ArgvInput), Object(Symfony\\Component\\Console\\Output\\ConsoleOutput))
#27 /Users/fredmoura/Downloads/sistema_eventos/vendor/symfony/console/Application.php(195): Symfony\\Component\\Console\\Application->doRun(Object(Symfony\\Component\\Console\\Input\\ArgvInput), Object(Symfony\\Component\\Console\\Output\\ConsoleOutput))
#28 /Users/fredmoura/Downloads/sistema_eventos/vendor/laravel/framework/src/Illuminate/Foundation/Console/Kernel.php(198): Symfony\\Component\\Console\\Application->run(Object(Symfony\\Component\\Console\\Input\\ArgvInput), Object(Symfony\\Component\\Console\\Output\\ConsoleOutput))
#29 /Users/fredmoura/Downloads/sistema_eventos/vendor/laravel/framework/src/Illuminate/Foundation/Application.php(1235): Illuminate\\Foundation\\Console\\Kernel->handle(Object(Symfony\\Component\\Console\\Input\\ArgvInput), Object(Symfony\\Component\\Console\\Output\\ConsoleOutput))
#30 /Users/fredmoura/Downloads/sistema_eventos/artisan(29): Illuminate\\Foundation\\Application->handleCommand(Object(Symfony\\Component\\Console\\Input\\ArgvInput))
#31 {main}
"} 
